<?xml version="1.0" encoding="UTF-8"?>
<testng-results ignored="0" total="1" passed="1" failed="0" skipped="0">
  <reporter-output>
  </reporter-output>
  <suite started-at="2023-04-04T12:35:46 EDT" name="Default suite" finished-at="2023-04-04T12:36:07 EDT" duration-ms="21419">
    <groups>
    </groups>
    <test started-at="2023-04-04T12:35:46 EDT" name="Default test" finished-at="2023-04-04T12:36:07 EDT" duration-ms="21419">
      <class name="PageObject.Test01">
        <test-method signature="testingSteps()[pri:0, instance:PageObject.Test01@67ec8477]" started-at="2023-04-04T12:35:46 EDT" name="testingSteps" finished-at="2023-04-04T12:36:07 EDT" duration-ms="21352" status="PASS">
          <reporter-output>
          </reporter-output>
        </test-method> <!-- testingSteps -->
      </class> <!-- PageObject.Test01 -->
    </test> <!-- Default test -->
  </suite> <!-- Default suite -->
</testng-results>
